A D/libLLVMAArch64AsmParser////
A D/libLLVMAArch64AsmPrinter////
A D/libLLVMAArch64CodeGen////
A D/libLLVMAArch64Disassembler////
A D/libLLVMAArch64MCTargetDesc////
A D/libLLVMAArch64TargetInfo////
A D/libLLVMAArch64Utils////
A D/libLLVMARMAsmParser////
A D/libLLVMARMAsmPrinter////
A D/libLLVMARMCodeGen////
A D/libLLVMARMDisassembler////
A D/libLLVMARMMCTargetDesc////
A D/libLLVMARMTargetInfo////
A D/libLLVMAnalysis////
A D/libLLVMAsmParser////
A D/libLLVMAsmPrinter////
A D/libLLVMBitReader////
A D/libLLVMBitWriter////
A D/libLLVMCodeGen////
A D/libLLVMCore////
A D/libLLVMDebugInfo////
A D/libLLVMIR////
A D/libLLVMIRReader////
A D/libLLVMInstCombine////
A D/libLLVMInstrumentation////
A D/libLLVMLinker////
A D/libLLVMMC////
A D/libLLVMMCDisassembler////
A D/libLLVMMCParser////
A D/libLLVMMipsAsmParser////
A D/libLLVMMipsAsmPrinter////
A D/libLLVMMipsCodeGen////
A D/libLLVMMipsDisassembler////
A D/libLLVMMipsMCTargetDesc////
A D/libLLVMMipsTargetInfo////
A D/libLLVMObjCARC////
A D/libLLVMObject////
A D/libLLVMOption////
A D/libLLVMPowerPCAsmParser////
A D/libLLVMPowerPCAsmPrinter////
A D/libLLVMPowerPCCodeGen////
A D/libLLVMPowerPCDisassembler////
A D/libLLVMPowerPCMCTargetDesc////
A D/libLLVMPowerPCTargetInfo////
A D/libLLVMProfileData////
A D/libLLVMRuntimeDyld////
A D/libLLVMScalarOpts////
A D/libLLVMSelectionDAG////
A D/libLLVMSparcAsmParser////
A D/libLLVMSparcAsmPrinter////
A D/libLLVMSparcCodeGen////
A D/libLLVMSparcDisassembler////
A D/libLLVMSparcMCTargetDesc////
A D/libLLVMSparcTargetInfo////
A D/libLLVMSupport////
A D/libLLVMTableGen////
A D/libLLVMTarget////
A D/libLLVMTransformsUtils////
A D/libLLVMVectorize////
A D/libLLVMX86AsmParser////
A D/libLLVMX86AsmPrinter////
A D/libLLVMX86CodeGen////
A D/libLLVMX86Disassembler////
A D/libLLVMX86MCTargetDesc////
A D/libLLVMX86TargetInfo////
A D/libLLVMX86Utils////
A D/libLLVMipa////
A D/libLLVMipo////
A D/libMCLinkerADT////
A D/libMCLinkerARMCodeGen////
A D/libMCLinkerARMTargetInfo////
A D/libMCLinkerCodeGen////
A D/libMCLinkerCore////
A D/libMCLinkerFragment////
A D/libMCLinkerLD////
A D/libMCLinkerMC////
A D/libMCLinkerMipsCodeGen////
A D/libMCLinkerMipsTargetInfo////
A D/libMCLinkerObject////
A D/libMCLinkerScript////
A D/libMCLinkerSupport////
A D/libMCLinkerTarget////
A D/libMCLinkerX86CodeGen////
A D/libMCLinkerX86TargetInfo////
A D/libclangARCMigrate////
A D/libclangAST////
A D/libclangAnalysis////
A D/libclangBasic////
A D/libclangCodeGen////
A D/libclangDriver////
A D/libclangEdit////
A D/libclangFrontend////
A D/libclangFrontendRewrite////
A D/libclangFrontendTool////
A D/libclangIndex////
A D/libclangLex////
A D/libclangParse////
A D/libclangRewrite////
A D/libclangRewriteCore////
A D/libclangRewriteFrontend////
A D/libclangSema////
A D/libclangSerialization////
A D/libclangStaticAnalyzer////
A D/libclangStaticAnalyzerCheckers////
A D/libclangStaticAnalyzerCore////
A D/libclangStaticAnalyzerFrontend////
A D/liblldConfig////
A D/liblldCore////
A D/liblldDriver////
A D/liblldPasses////
A D/liblldReaderWriter////
A D/liblldReaderWriterELF////
A D/liblldReaderWriterELFAArch64////
A D/liblldReaderWriterELFHexagon////
A D/liblldReaderWriterELFMips////
A D/liblldReaderWriterELFPPC////
A D/liblldReaderWriterELFX86////
A D/liblldReaderWriterELFX86_64////
A D/liblldReaderWriterMachO////
A D/liblldReaderWriterNative////
A D/liblldReaderWriterPECOFF////
A D/liblldReaderWriterYAML////
R D/libclangStaticAnalyzer////
R D/libclangRewriteFrontend////
R D/libclangRewriteCore////
R D/libMCLinkerScript////
R D/libLLVMCore////
