A D/aout////
A D/aoutm68k////
A D/common////
A D/darwin////
A D/freebsd////
A D/hpux////
A D/ibcs2////
A D/irix////
A D/linux////
A D/linux32////
A D/m68k4k////
A D/mach////
A D/ndis////
A D/net////
A D/netbsd32////
A D/netinet6////
A D/osf1////
A D/ossaudio////
A D/pecoff////
A D/sa////
A D/sparc32////
A D/sunos////
A D/sunos32////
A D/svr4////
A D/svr4_32////
A D/sys////
A D/ultrix////
A D/vax1k////
R D/sparc32////
R D/sa////
R D/pecoff////
R D/mach////
R D/irix////
R D/hpux////
R D/darwin////
R D/aout////
