A D/amiga-aout2bb////
A D/amiga-elf2bb////
A D/amiga-txlt////
A D/asn1_compile////
A D/atf-compile////
A D/autoconf////
A D/awk////
A D/bebox-elf2pef////
A D/bebox-mkbootimage////
A D/binstall////
A D/binutils////
A D/bmake////
A D/cap_mkdb////
A D/cat////
A D/cksum////
A D/compat////
A D/compile_et////
A D/config////
A D/crunchgen////
A D/ctags////
A D/ctfconvert////
A D/ctfmerge////
A D/db////
A D/dbsym////
A D/disklabel////
A D/dumpfs////
A D/elftosb////
A D/fdisk////
A D/fgen////
A D/file////
A D/gcc////
A D/gdb////
A D/genassym////
A D/gencat////
A D/gettext////
A D/gmake////
A D/gmp////
A D/gpt////
A D/grep////
A D/groff////
A D/hexdump////
A D/host-mkdep////
A D/hp300-mkboot////
A D/hp700-mkboot////
A D/hppa-mkboot////
A D/ibmnws-ncdcs////
A D/installboot////
A D/join////
A D/lex////
A D/libctf////
A D/libdwarf////
A D/libelf////
A D/lint////
A D/lint1////
A D/lint2////
A D/llvm////
A D/llvm-clang////
A D/llvm-clang-tblgen////
A D/llvm-include////
A D/llvm-lib////
A D/llvm-lld////
A D/llvm-mcld////
A D/llvm-tblgen////
A D/lorder////
A D/m4////
A D/m68k-elf2aout////
A D/macppc-fixcoff////
A D/make////
A D/makefs////
A D/makewhatis////
A D/mandoc////
A D/mdsetimage////
A D/menuc////
A D/mips-elf2ecoff////
A D/mkcsmapper////
A D/mkdep////
A D/mkesdb////
A D/mklocale////
A D/mknod////
A D/mktemp////
A D/mkubootimage////
A D/mpc////
A D/mpfr////
A D/msgc////
A D/mtree////
A D/nbmachine////
A D/nbperf////
A D/pax////
A D/paxctl////
A D/pcc////
A D/pigz////
A D/pkg_install////
A D/powerpc-mkbootimage////
A D/prep-mkbootimage////
A D/pwd_mkdb////
A D/rpcgen////
A D/sed////
A D/sgivol////
A D/slc////
A D/sparc-installboot////
A D/sparkcrc////
A D/stat////
A D/strfile////
A D/sunlabel////
A D/texinfo////
A D/tic////
A D/toolchain////
A D/tsort////
A D/uudecode////
A D/vax-installboot////
A D/veriexecgen////
A D/vgrind////
A D/yacc////
A D/zic////
R D/vax-installboot////
R D/toolchain////
R D/sparc-installboot////
R D/prep-mkbootimage////
R D/nbmachine////
R D/hp700-mkboot////
R D/dumpfs////
R D/bmake////
R D/bebox-mkbootimage////
R D/bebox-elf2pef////
R D/atf-compile////
R D/amiga-aout2bb////
