A D/libaio////
A D/libcd9660////
A D/libcd9660fs////
A D/libefs////
A D/libext2fs////
A D/libfdesc////
A D/libffs////
A D/libfifovfs////
A D/libhfs////
A D/libkernfs////
A D/liblayervfs////
A D/liblfs////
A D/libmfs////
A D/libmsdos////
A D/libmsdosfs////
A D/libnfs////
A D/libnfsserver////
A D/libnilfs////
A D/libntfs////
A D/libnull////
A D/libnullfs////
A D/libp2k////
A D/libptyfs////
A D/libsmbfs////
A D/libsyspuffs////
A D/libsysvbfs////
A D/libtmpfs////
A D/libudf////
A D/libufs////
A D/libukfs////
A D/libumap////
A D/libumapfs////
A D/libunion////
A D/libv7fs////
A D/libzfs////
R D/libumapfs////
R D/libukfs////
R D/libufs////
R D/libp2k////
R D/libnullfs////
R D/libmsdosfs////
R D/libcd9660fs////
